<?xml version="1.0" encoding="UTF-8"?>
<!-- Generated by org.testng.reporters.JUnitReportReporter -->
<testsuite name="AddnewUser.NewUser" tests="1" time="3.223" ignored="0" failures="0" timestamp="08 Feb 2019 07:32:59 GMT" skipped="0" hostname="GGNS1LTW67B" errors="0">
  <testcase name="newuser" time="3.223" classname="AddnewUser.NewUser"/>
</testsuite> <!-- AddnewUser.NewUser -->
