<?xml version="1.0" encoding="UTF-8"?>
<!-- Generated by org.testng.reporters.JUnitReportReporter -->
<testsuite name="updateProduct.updateproduct" tests="1" time="2.945" ignored="0" failures="0" timestamp="07 Feb 2019 09:02:30 GMT" skipped="0" hostname="GGNS1LTW67B" errors="0">
  <testcase name="listusers" time="2.945" classname="updateProduct.updateproduct"/>
</testsuite> <!-- updateProduct.updateproduct -->
